This is pdfTeX, Version 3.14159265-2.6-1.40.17 (MiKTeX 2.9.6210 64-bit) (preloaded format=pdflatex 2017.2.16)  4 MAY 2017 15:12
entering extended mode
**./LaRoche_CODA_Paper.tex
(LaRoche_CODA_Paper.tex
LaTeX2e <2017/01/01> patch level 1
Babel <3.9r> and hyphenation patterns for 75 language(s) loaded.
("C:\Program Files\MiKTeX 2.9\tex\latex\base\article.cls"
Document Class: article 2014/09/29 v1.4h Standard LaTeX document class
("C:\Program Files\MiKTeX 2.9\tex\latex\base\size10.clo"
File: size10.clo 2014/09/29 v1.4h Standard LaTeX file (size option)
)
\c@part=\count79
\c@section=\count80
\c@subsection=\count81
\c@subsubsection=\count82
\c@paragraph=\count83
\c@subparagraph=\count84
\c@figure=\count85
\c@table=\count86
\abovecaptionskip=\skip41
\belowcaptionskip=\skip42
\bibindent=\dimen102
)
("C:\Program Files\MiKTeX 2.9\tex\latex\amsfonts\amsfonts.sty"
Package: amsfonts 2013/01/14 v3.01 Basic AMSFonts support
\@emptytoks=\toks14
\symAMSa=\mathgroup4
\symAMSb=\mathgroup5
LaTeX Font Info:    Overwriting math alphabet `\mathfrak' in version `bold'
(Font)                  U/euf/m/n --> U/euf/b/n on input line 106.
)
("C:\Program Files\MiKTeX 2.9\tex\latex\amsfonts\amssymb.sty"
Package: amssymb 2013/01/14 v3.01 AMS font symbols
)
("C:\Program Files\MiKTeX 2.9\tex\latex\graphics\epsfig.sty"
Package: epsfig 1999/02/16 v1.7a (e)psfig emulation (SPQR)

("C:\Program Files\MiKTeX 2.9\tex\latex\graphics\graphicx.sty"
Package: graphicx 2014/10/28 v1.0g Enhanced LaTeX Graphics (DPC,SPQR)

("C:\Program Files\MiKTeX 2.9\tex\latex\graphics\keyval.sty"
Package: keyval 2014/10/28 v1.15 key=value parser (DPC)
\KV@toks@=\toks15
)
("C:\Program Files\MiKTeX 2.9\tex\latex\graphics\graphics.sty"
Package: graphics 2016/10/09 v1.0u Standard LaTeX Graphics (DPC,SPQR)

("C:\Program Files\MiKTeX 2.9\tex\latex\graphics\trig.sty"
Package: trig 2016/01/03 v1.10 sin cos tan (DPC)
)
("C:\Program Files\MiKTeX 2.9\tex\latex\graphics-cfg\graphics.cfg"
File: graphics.cfg 2016/06/04 v1.11 sample graphics configuration
)
Package graphics Info: Driver file: pdftex.def on input line 99.

("C:\Program Files\MiKTeX 2.9\tex\latex\graphics-def\pdftex.def"
File: pdftex.def 2017/01/12 v0.06k Graphics/color for pdfTeX

("C:\Program Files\MiKTeX 2.9\tex\generic\oberdiek\infwarerr.sty"
Package: infwarerr 2016/05/16 v1.4 Providing info/warning/error messages (HO)
)
("C:\Program Files\MiKTeX 2.9\tex\generic\oberdiek\ltxcmds.sty"
Package: ltxcmds 2016/05/16 v1.23 LaTeX kernel commands for general use (HO)
)
\Gread@gobject=\count87
))
\Gin@req@height=\dimen103
\Gin@req@width=\dimen104
)
\epsfxsize=\dimen105
\epsfysize=\dimen106
)
(C:\Users\dlaroche\AppData\Roaming\MiKTeX\2.9\tex\latex\natbib\natbib.sty
Package: natbib 2010/09/13 8.31b (PWD, AO)
\bibhang=\skip43
\bibsep=\skip44
LaTeX Info: Redefining \cite on input line 694.
\c@NAT@ctr=\count88
)
("C:\Program Files\MiKTeX 2.9\tex\latex\float\float.sty"
Package: float 2001/11/08 v1.3d Float enhancements (AL)
\c@float@type=\count89
\float@exts=\toks16
\float@box=\box26
\@float@everytoks=\toks17
\@floatcapt=\box27
)
("C:\Program Files\MiKTeX 2.9\tex\latex\base\inputenc.sty"
Package: inputenc 2015/03/17 v1.2c Input encoding file
\inpenc@prehook=\toks18
\inpenc@posthook=\toks19

("C:\Program Files\MiKTeX 2.9\tex\latex\base\ansinew.def"
File: ansinew.def 2015/03/17 v1.2c Input encoding file
))
(C:\Users\dlaroche\AppData\Roaming\MiKTeX\2.9\tex\latex\booktabs\booktabs.sty
Package: booktabs 2005/04/14 v1.61803 publication quality tables
\heavyrulewidth=\dimen107
\lightrulewidth=\dimen108
\cmidrulewidth=\dimen109
\belowrulesep=\dimen110
\belowbottomsep=\dimen111
\aboverulesep=\dimen112
\abovetopsep=\dimen113
\cmidrulesep=\dimen114
\cmidrulekern=\dimen115
\defaultaddspace=\dimen116
\@cmidla=\count90
\@cmidlb=\count91
\@aboverulesep=\dimen117
\@belowrulesep=\dimen118
\@thisruleclass=\count92
\@lastruleclass=\count93
\@thisrulewidth=\dimen119
)
(C:\Users\dlaroche\AppData\Roaming\MiKTeX\2.9\tex\latex\xcolor\xcolor.sty
Package: xcolor 2016/05/11 v2.12 LaTeX color extensions (UK)

("C:\Program Files\MiKTeX 2.9\tex\latex\graphics-cfg\color.cfg"
File: color.cfg 2016/01/02 v1.6 sample color configuration
)
Package xcolor Info: Driver file: pdftex.def on input line 225.
Package xcolor Info: Model `cmy' substituted by `cmy0' on input line 1348.
Package xcolor Info: Model `hsb' substituted by `rgb' on input line 1352.
Package xcolor Info: Model `RGB' extended on input line 1364.
Package xcolor Info: Model `HTML' substituted by `rgb' on input line 1366.
Package xcolor Info: Model `Hsb' substituted by `hsb' on input line 1367.
Package xcolor Info: Model `tHsb' substituted by `hsb' on input line 1368.
Package xcolor Info: Model `HSB' substituted by `hsb' on input line 1369.
Package xcolor Info: Model `Gray' substituted by `gray' on input line 1370.
Package xcolor Info: Model `wave' substituted by `hsb' on input line 1371.
)
("C:\Program Files\MiKTeX 2.9\tex\latex\hyperref\hyperref.sty"
Package: hyperref 2016/06/24 v6.83q Hypertext links for LaTeX

("C:\Program Files\MiKTeX 2.9\tex\generic\oberdiek\hobsub-hyperref.sty"
Package: hobsub-hyperref 2016/05/16 v1.14 Bundle oberdiek, subset hyperref (HO)


("C:\Program Files\MiKTeX 2.9\tex\generic\oberdiek\hobsub-generic.sty"
Package: hobsub-generic 2016/05/16 v1.14 Bundle oberdiek, subset generic (HO)
Package: hobsub 2016/05/16 v1.14 Construct package bundles (HO)
Package hobsub Info: Skipping package `infwarerr' (already loaded).
Package hobsub Info: Skipping package `ltxcmds' (already loaded).
Package: ifluatex 2016/05/16 v1.4 Provides the ifluatex switch (HO)
Package ifluatex Info: LuaTeX not detected.
Package: ifvtex 2016/05/16 v1.6 Detect VTeX and its facilities (HO)
Package ifvtex Info: VTeX not detected.
Package: intcalc 2016/05/16 v1.2 Expandable calculations with integers (HO)
Package: ifpdf 2016/05/14 v3.1 Provides the ifpdf switch
Package: etexcmds 2016/05/16 v1.6 Avoid name clashes with e-TeX commands (HO)
Package etexcmds Info: Could not find \expanded.
(etexcmds)             That can mean that you are not using pdfTeX 1.50 or
(etexcmds)             that some package has redefined \expanded.
(etexcmds)             In the latter case, load this package earlier.
Package: kvsetkeys 2016/05/16 v1.17 Key value parser (HO)
Package: kvdefinekeys 2016/05/16 v1.4 Define keys (HO)
Package: pdftexcmds 2016/05/21 v0.22 Utility functions of pdfTeX for LuaTeX (HO
)
Package pdftexcmds Info: LuaTeX not detected.
Package pdftexcmds Info: \pdf@primitive is available.
Package pdftexcmds Info: \pdf@ifprimitive is available.
Package pdftexcmds Info: \pdfdraftmode found.
Package: pdfescape 2016/05/16 v1.14 Implements pdfTeX's escape features (HO)
Package: bigintcalc 2016/05/16 v1.4 Expandable calculations on big integers (HO
)
Package: bitset 2016/05/16 v1.2 Handle bit-vector datatype (HO)
Package: uniquecounter 2016/05/16 v1.3 Provide unlimited unique counter (HO)
)
Package hobsub Info: Skipping package `hobsub' (already loaded).
Package: letltxmacro 2016/05/16 v1.5 Let assignment for LaTeX macros (HO)
Package: hopatch 2016/05/16 v1.3 Wrapper for package hooks (HO)
Package: xcolor-patch 2016/05/16 xcolor patch
Package: atveryend 2016/05/16 v1.9 Hooks at the very end of document (HO)
Package atveryend Info: \enddocument detected (standard20110627).
Package: atbegshi 2016/06/09 v1.18 At begin shipout hook (HO)
Package: refcount 2016/05/16 v3.5 Data extraction from label references (HO)
Package: hycolor 2016/05/16 v1.8 Color options for hyperref/bookmark (HO)
)
("C:\Program Files\MiKTeX 2.9\tex\generic\ifxetex\ifxetex.sty"
Package: ifxetex 2010/09/12 v0.6 Provides ifxetex conditional
)
("C:\Program Files\MiKTeX 2.9\tex\latex\oberdiek\auxhook.sty"
Package: auxhook 2016/05/16 v1.4 Hooks for auxiliary files (HO)
)
("C:\Program Files\MiKTeX 2.9\tex\latex\oberdiek\kvoptions.sty"
Package: kvoptions 2016/05/16 v3.12 Key value format for package options (HO)
)
\@linkdim=\dimen120
\Hy@linkcounter=\count94
\Hy@pagecounter=\count95

("C:\Program Files\MiKTeX 2.9\tex\latex\hyperref\pd1enc.def"
File: pd1enc.def 2016/06/24 v6.83q Hyperref: PDFDocEncoding definition (HO)
)
\Hy@SavedSpaceFactor=\count96

("C:\Program Files\MiKTeX 2.9\tex\latex\00miktex\hyperref.cfg"
File: hyperref.cfg 2002/06/06 v1.2 hyperref configuration of TeXLive
)
Package hyperref Info: Option `colorlinks' set `true' on input line 4362.
Package hyperref Info: Hyper figures OFF on input line 4486.
Package hyperref Info: Link nesting OFF on input line 4491.
Package hyperref Info: Hyper index ON on input line 4494.
Package hyperref Info: Plain pages OFF on input line 4501.
Package hyperref Info: Backreferencing OFF on input line 4506.
Package hyperref Info: Implicit mode ON; LaTeX internals redefined.
Package hyperref Info: Bookmarks ON on input line 4735.
\c@Hy@tempcnt=\count97

(C:\Users\dlaroche\AppData\Roaming\MiKTeX\2.9\tex\latex\url\url.sty
\Urlmuskip=\muskip10
Package: url 2013/09/16  ver 3.4  Verb mode for urls, etc.
)
LaTeX Info: Redefining \url on input line 5088.
\XeTeXLinkMargin=\dimen121
\Fld@menulength=\count98
\Field@Width=\dimen122
\Fld@charsize=\dimen123
Package hyperref Info: Hyper figures OFF on input line 6342.
Package hyperref Info: Link nesting OFF on input line 6347.
Package hyperref Info: Hyper index ON on input line 6350.
Package hyperref Info: backreferencing OFF on input line 6357.
Package hyperref Info: Link coloring ON on input line 6360.
Package hyperref Info: Link coloring with OCG OFF on input line 6367.
Package hyperref Info: PDF/A mode OFF on input line 6372.
LaTeX Info: Redefining \ref on input line 6412.
LaTeX Info: Redefining \pageref on input line 6416.
\Hy@abspage=\count99
\c@Item=\count100
\c@Hfootnote=\count101
)

Package hyperref Message: Driver (autodetected): hpdftex.

("C:\Program Files\MiKTeX 2.9\tex\latex\hyperref\hpdftex.def"
File: hpdftex.def 2016/06/24 v6.83q Hyperref driver for pdfTeX
\Fld@listcount=\count102
\c@bookmark@seq@number=\count103

("C:\Program Files\MiKTeX 2.9\tex\latex\oberdiek\rerunfilecheck.sty"
Package: rerunfilecheck 2016/05/16 v1.8 Rerun checks for auxiliary files (HO)
Package uniquecounter Info: New unique counter `rerunfilecheck' on input line 2
82.
)
\Hy@SectionHShift=\skip45
)
("C:\Program Files\MiKTeX 2.9\tex\latex\amsmath\amsmath.sty"
Package: amsmath 2016/11/05 v2.16a AMS math features
\@mathmargin=\skip46

For additional information on amsmath, use the `?' option.
("C:\Program Files\MiKTeX 2.9\tex\latex\amsmath\amstext.sty"
Package: amstext 2000/06/29 v2.01 AMS text

("C:\Program Files\MiKTeX 2.9\tex\latex\amsmath\amsgen.sty"
File: amsgen.sty 1999/11/30 v2.0 generic functions
\@emptytoks=\toks20
\ex@=\dimen124
))
("C:\Program Files\MiKTeX 2.9\tex\latex\amsmath\amsbsy.sty"
Package: amsbsy 1999/11/29 v1.2d Bold Symbols
\pmbraise@=\dimen125
)
("C:\Program Files\MiKTeX 2.9\tex\latex\amsmath\amsopn.sty"
Package: amsopn 2016/03/08 v2.02 operator names
)
\inf@bad=\count104
LaTeX Info: Redefining \frac on input line 213.
\uproot@=\count105
\leftroot@=\count106
LaTeX Info: Redefining \overline on input line 375.
\classnum@=\count107
\DOTSCASE@=\count108
LaTeX Info: Redefining \ldots on input line 472.
LaTeX Info: Redefining \dots on input line 475.
LaTeX Info: Redefining \cdots on input line 596.
\Mathstrutbox@=\box28
\strutbox@=\box29
\big@size=\dimen126
LaTeX Font Info:    Redeclaring font encoding OML on input line 712.
LaTeX Font Info:    Redeclaring font encoding OMS on input line 713.
\macc@depth=\count109
\c@MaxMatrixCols=\count110
\dotsspace@=\muskip11
\c@parentequation=\count111
\dspbrk@lvl=\count112
\tag@help=\toks21
\row@=\count113
\column@=\count114
\maxfields@=\count115
\andhelp@=\toks22
\eqnshift@=\dimen127
\alignsep@=\dimen128
\tagshift@=\dimen129
\tagwidth@=\dimen130
\totwidth@=\dimen131
\lineht@=\dimen132
\@envbody=\toks23
\multlinegap=\skip47
\multlinetaggap=\skip48
\mathdisplay@stack=\toks24
LaTeX Info: Redefining \[ on input line 2817.
LaTeX Info: Redefining \] on input line 2818.
)
(C:\Users\dlaroche\AppData\Roaming\MiKTeX\2.9\tex\latex\bbm\bbm.sty
Package: bbm 1999/03/15 V 1.2 provides fonts for set symbols - TH
LaTeX Font Info:    Overwriting math alphabet `\mathbbm' in version `bold'
(Font)                  U/bbm/m/n --> U/bbm/bx/n on input line 33.
LaTeX Font Info:    Overwriting math alphabet `\mathbbmss' in version `bold'
(Font)                  U/bbmss/m/n --> U/bbmss/bx/n on input line 35.
)
(C:\Users\dlaroche\AppData\Roaming\MiKTeX\2.9\tex\latex\preprint\fullpage.sty
Package: fullpage 1999/02/23 1.1 (PWD)
\FP@margin=\skip49
)
(C:\Users\dlaroche\AppData\Roaming\MiKTeX\2.9\tex\latex\setspace\setspace.sty
Package: setspace 2011/12/19 v6.7a set line spacing
)
(C:\Users\dlaroche\AppData\Roaming\MiKTeX\2.9\tex\latex\placeins\placeins.sty
Package: placeins 2005/04/18  v 2.2
)
("C:\Program Files\MiKTeX 2.9\tex\latex\amscls\amsthm.sty"
Package: amsthm 2015/03/04 v2.20.2
\thm@style=\toks25
\thm@bodyfont=\toks26
\thm@headfont=\toks27
\thm@notefont=\toks28
\thm@headpunct=\toks29
\thm@preskip=\skip50
\thm@postskip=\skip51
\thm@headsep=\skip52
\dth@everypar=\toks30
)
\c@definition=\count116

(C:\Users\dlaroche\AppData\Roaming\MiKTeX\2.9\tex\latex\fancyhdr\fancyhdr.sty
Package: fancyhdr 2016/09/06 3.8 Extensive control of page headers and footers
\fancy@headwidth=\skip53
\f@ncyO@elh=\skip54
\f@ncyO@erh=\skip55
\f@ncyO@olh=\skip56
\f@ncyO@orh=\skip57
\f@ncyO@elf=\skip58
\f@ncyO@erf=\skip59
\f@ncyO@olf=\skip60
\f@ncyO@orf=\skip61
)
No file LaRoche_CODA_Paper.aux.
\openout1 = `LaRoche_CODA_Paper.aux'.

LaTeX Font Info:    Checking defaults for OML/cmm/m/it on input line 63.
LaTeX Font Info:    ... okay on input line 63.
LaTeX Font Info:    Checking defaults for T1/cmr/m/n on input line 63.
LaTeX Font Info:    ... okay on input line 63.
LaTeX Font Info:    Checking defaults for OT1/cmr/m/n on input line 63.
LaTeX Font Info:    ... okay on input line 63.
LaTeX Font Info:    Checking defaults for OMS/cmsy/m/n on input line 63.
LaTeX Font Info:    ... okay on input line 63.
LaTeX Font Info:    Checking defaults for OMX/cmex/m/n on input line 63.
LaTeX Font Info:    ... okay on input line 63.
LaTeX Font Info:    Checking defaults for U/cmr/m/n on input line 63.
LaTeX Font Info:    ... okay on input line 63.
LaTeX Font Info:    Checking defaults for PD1/pdf/m/n on input line 63.
LaTeX Font Info:    ... okay on input line 63.
(C:\Users\dlaroche\AppData\Roaming\MiKTeX\2.9\tex\context\base\supp-pdf.mkii
[Loading MPS to PDF converter (version 2006.09.02).]
\scratchcounter=\count117
\scratchdimen=\dimen133
\scratchbox=\box30
\nofMPsegments=\count118
\nofMParguments=\count119
\everyMPshowfont=\toks31
\MPscratchCnt=\count120
\MPscratchDim=\dimen134
\MPnumerator=\count121
\makeMPintoPDFobject=\count122
\everyMPtoPDFconversion=\toks32
) ("C:\Program Files\MiKTeX 2.9\tex\latex\oberdiek\epstopdf-base.sty"
Package: epstopdf-base 2016/05/15 v2.6 Base part for package epstopdf

("C:\Program Files\MiKTeX 2.9\tex\latex\oberdiek\grfext.sty"
Package: grfext 2016/05/16 v1.2 Manage graphics extensions (HO)
)
Package epstopdf-base Info: Redefining graphics rule for `.eps' on input line 4
38.
Package grfext Info: Graphics extension search list:
(grfext)             [.png,.pdf,.jpg,.mps,.jpeg,.jbig2,.jb2,.PNG,.PDF,.JPG,.JPE
G,.JBIG2,.JB2,.eps]
(grfext)             \AppendGraphicsExtensions on input line 456.
)
\AtBeginShipoutBox=\box31
Package hyperref Info: Link coloring ON on input line 63.

("C:\Program Files\MiKTeX 2.9\tex\latex\hyperref\nameref.sty"
Package: nameref 2016/05/21 v2.44 Cross-referencing by name of section

("C:\Program Files\MiKTeX 2.9\tex\generic\oberdiek\gettitlestring.sty"
Package: gettitlestring 2016/05/16 v1.5 Cleanup title references (HO)
)
\c@section@level=\count123
)
LaTeX Info: Redefining \ref on input line 63.
LaTeX Info: Redefining \pageref on input line 63.
LaTeX Info: Redefining \nameref on input line 63.
\@outlinefile=\write3
\openout3 = `LaRoche_CODA_Paper.out'.

LaTeX Font Info:    Try loading font information for U+msa on input line 68.

("C:\Program Files\MiKTeX 2.9\tex\latex\amsfonts\umsa.fd"
File: umsa.fd 2013/01/14 v3.01 AMS symbols A
)
LaTeX Font Info:    Try loading font information for U+msb on input line 68.

("C:\Program Files\MiKTeX 2.9\tex\latex\amsfonts\umsb.fd"
File: umsb.fd 2013/01/14 v3.01 AMS symbols B
) [1{C:/Users/dlaroche/AppData/Local/MiKTeX/2.9/pdftex/config/pdftex.map}

]

Package natbib Warning: Citation `Robinson2007' on page 2 undefined on input li
ne 101.


Package natbib Warning: Citation `Anders2010' on page 2 undefined on input line
 101.


Package natbib Warning: Citation `Robinson2010' on page 2 undefined on input li
ne 101.


Package natbib Warning: Citation `Law2014' on page 2 undefined on input line 10
1.


Package natbib Warning: Citation `Lovell2015' on page 2 undefined on input line
 101.


Package natbib Warning: Citation `Robinson2007' on page 2 undefined on input li
ne 101.


Package natbib Warning: Citation `Pearson1896' on page 2 undefined on input lin
e 104.


Package natbib Warning: Citation `Aitchison1986' on page 2 undefined on input l
ine 104.


Package natbib Warning: Citation `Lovell2011' on page 2 undefined on input line
 104.


Underfull \hbox (badness 10000) in paragraph at lines 106--107

 []


Package natbib Warning: Citation `Aitchison1986' on page 2 undefined on input l
ine 114.

[2]

LaTeX Warning: Reference `sumConst' on page 3 undefined on input line 129.


Package natbib Warning: Citation `Aitchison1986' on page 3 undefined on input l
ine 129.


LaTeX Warning: Reference `sumt' on page 3 undefined on input line 132.


LaTeX Warning: Reference `sumConst' on page 3 undefined on input line 132.


LaTeX Warning: Reference `negbias' on page 3 undefined on input line 139.


Package natbib Warning: Citation `Aitchison1986' on page 3 undefined on input l
ine 139.


Package natbib Warning: Citation `Aitchison1986' on page 3 undefined on input l
ine 139.


Package natbib Warning: Citation `Lovell2015' on page 3 undefined on input line
 139.


Package natbib Warning: Citation `Aitchison1980' on page 3 undefined on input l
ine 142.


Package natbib Warning: Citation `Law2014' on page 3 undefined on input line 15
6.

[3]

Package natbib Warning: Citation `Aitchison1986' on page 4 undefined on input l
ine 159.


Underfull \hbox (badness 10000) in paragraph at lines 166--167

 []


Package natbib Warning: Citation `Aitchison2000' on page 4 undefined on input l
ine 168.


Package natbib Warning: Citation `Aitchison1992' on page 4 undefined on input l
ine 168.


Package natbib Warning: Citation `Martin-Fernandez1998' on page 4 undefined on 
input line 168.


Package natbib Warning: Citation `Martin-Fernandez1998' on page 4 undefined on 
input line 168.


Package natbib Warning: Citation `Aitchison1986' on page 4 undefined on input l
ine 170.


Package natbib Warning: Citation `Aitchison1992' on page 4 undefined on input l
ine 170.


Package natbib Warning: Citation `Billheimer2001' on page 4 undefined on input 
line 170.


Package natbib Warning: Citation `Aitchison1986' on page 4 undefined on input l
ine 170.


Package natbib Warning: Citation `Martin-Fernandez1998' on page 4 undefined on 
input line 170.


Underfull \hbox (badness 10000) in paragraph at lines 183--185

 []


Package natbib Warning: Citation `Martin-Fernandez2000' on page 4 undefined on 
input line 187.

[4]

Package natbib Warning: Citation `Hawkins1980' on page 5 undefined on input lin
e 198.


Package natbib Warning: Citation `Tukey1977' on page 5 undefined on input line 
198.


Package natbib Warning: Citation `Ben-Gal2009' on page 5 undefined on input lin
e 198.


LaTeX Warning: Reference `clr' on page 5 undefined on input line 200.


LaTeX Warning: Reference `totalFig' on page 5 undefined on input line 209.


LaTeX Warning: Reference `clrFig' on page 5 undefined on input line 209.

[5] <./Figures/IO_Repro_Combined_RawTotals.png, id=55, 1011.78pt x 722.7pt>
File: ./Figures/IO_Repro_Combined_RawTotals.png Graphic file (type png)

<use ./Figures/IO_Repro_Combined_RawTotals.png>
Package pdftex.def Info: ./Figures/IO_Repro_Combined_RawTotals.png used on inpu
t line 212.
(pdftex.def)             Requested size: 505.88876pt x 361.3491pt.

Overfull \hbox (79.09743pt too wide) in paragraph at lines 212--213
[][] 
 []

<./Figures/IO_Repro_Combined_CLR.png, id=56, 1011.78pt x 722.7pt>
File: ./Figures/IO_Repro_Combined_CLR.png Graphic file (type png)

<use ./Figures/IO_Repro_Combined_CLR.png>
Package pdftex.def Info: ./Figures/IO_Repro_Combined_CLR.png used on input line
 218.
(pdftex.def)             Requested size: 505.88876pt x 361.3491pt.

Overfull \hbox (79.09743pt too wide) in paragraph at lines 218--219
[][] 
 []

[6 <./Figures/IO_Repro_Combined_RawTotals.png>] [7 <./Figures/IO_Repro_Combined
_CLR.png (PNG copy)>]
Underfull \hbox (badness 10000) in paragraph at lines 233--234

 []


Package natbib Warning: Citation `Tarazona2011' on page 8 undefined on input li
ne 235.


Package natbib Warning: Citation `Sims2014' on page 8 undefined on input line 2
35.


Underfull \hbox (badness 10000) in paragraph at lines 235--236

 []


Package natbib Warning: Citation `Aitchison1986' on page 8 undefined on input l
ine 238.


Underfull \hbox (badness 10000) in paragraph at lines 238--239

 []


LaTeX Warning: Reference `aitchdist2' on page 8 undefined on input line 262.


Underfull \hbox (badness 10000) in paragraph at lines 261--263

 []


LaTeX Warning: Reference `miComp' on page 8 undefined on input line 264.


LaTeX Warning: Reference `celComp' on page 8 undefined on input line 264.


LaTeX Warning: Reference `miComp' on page 8 undefined on input line 264.


LaTeX Warning: Reference `miComp' on page 8 undefined on input line 264.


LaTeX Warning: Reference `celComp' on page 8 undefined on input line 264.


LaTeX Warning: Reference `celComp' on page 8 undefined on input line 264.

[8] <./Figures/Plasma_Heatmap_Compare.png, id=75, 867.24pt x 433.62pt>
File: ./Figures/Plasma_Heatmap_Compare.png Graphic file (type png)

<use ./Figures/Plasma_Heatmap_Compare.png>
Package pdftex.def Info: ./Figures/Plasma_Heatmap_Compare.png used on input lin
e 267.
(pdftex.def)             Requested size: 450.9674pt x 225.48369pt.

Overfull \hbox (24.17607pt too wide) in paragraph at lines 267--269
[][]
 []

<./Figures/CG_Heatmap_Compare.png, id=76, 867.24pt x 433.62pt>
File: ./Figures/CG_Heatmap_Compare.png Graphic file (type png)

<use ./Figures/CG_Heatmap_Compare.png>
Package pdftex.def Info: ./Figures/CG_Heatmap_Compare.png used on input line 27
4.
(pdftex.def)             Requested size: 450.9674pt x 225.48369pt.

Overfull \hbox (24.17607pt too wide) in paragraph at lines 274--276
[][]
 []

[9 <./Figures/Plasma_Heatmap_Compare.png (PNG copy)>]

Package natbib Warning: Citation `leek2010' on page 10 undefined on input line 
282.


Package natbib Warning: Citation `chen2011' on page 10 undefined on input line 
282.


Package natbib Warning: Citation `Aitchison1986' on page 10 undefined on input 
line 283.


Package natbib Warning: Citation `Martin-Fernandez1998' on page 10 undefined on
 input line 283.


Package natbib Warning: Citation `Dillies2013' on page 10 undefined on input li
ne 285.


Package natbib Warning: Citation `Aitchison1986' on page 10 undefined on input 
line 287.


Package natbib Warning: Citation `Aitchison2002' on page 10 undefined on input 
line 287.

[10 <./Figures/CG_Heatmap_Compare.png (PNG copy)>]

LaTeX Warning: Reference `rawPCA' on page 11 undefined on input line 296.

<./Figures/IO_PCA_2plot.png, id=88, 1156.32pt x 578.16pt>
File: ./Figures/IO_PCA_2plot.png Graphic file (type png)

<use ./Figures/IO_PCA_2plot.png>
Package pdftex.def Info: ./Figures/IO_PCA_2plot.png used on input line 299.
(pdftex.def)             Requested size: 462.5198pt x 231.2599pt.

Overfull \hbox (35.72847pt too wide) in paragraph at lines 299--301
[][]
 []


LaTeX Warning: Reference `rawPCAbrain' on page 11 undefined on input line 304.

<./Figures/IO_PCA_Brain_logRaw_CLR.png, id=89, 1156.32pt x 578.16pt>
File: ./Figures/IO_PCA_Brain_logRaw_CLR.png Graphic file (type png)

<use ./Figures/IO_PCA_Brain_logRaw_CLR.png>
Package pdftex.def Info: ./Figures/IO_PCA_Brain_logRaw_CLR.png used on input li
ne 307.
(pdftex.def)             Requested size: 462.5198pt x 231.2599pt.

Overfull \hbox (35.72847pt too wide) in paragraph at lines 307--309
[][]
 []

[11 <./Figures/IO_PCA_2plot.png>]

LaTeX Warning: Reference `rescaledPCA' on page 12 undefined on input line 312.


LaTeX Warning: Reference `rescaledPCAbrain' on page 12 undefined on input line 
312.


<./Figures/IO_PCA_Brain_logRaw_CLR_perturbed.png, id=96, 1156.32pt x 578.16pt>
File: ./Figures/IO_PCA_Brain_logRaw_CLR_perturbed.png Graphic file (type png)

<use ./Figures/IO_PCA_Brain_logRaw_CLR_perturbed.png>
Package pdftex.def Info: ./Figures/IO_PCA_Brain_logRaw_CLR_perturbed.png used o
n input line 315.
(pdftex.def)             Requested size: 462.5198pt x 231.2599pt.

Overfull \hbox (35.72847pt too wide) in paragraph at lines 315--317
[][]
 []

[12 <./Figures/IO_PCA_Brain_logRaw_CLR.png>]

Package natbib Warning: Citation `Luo2010' on page 13 undefined on input line 3
27.

[13 <./Figures/IO_PCA_Brain_logRaw_CLR_perturbed.png>] [14]
(LaRoche_CODA_Paper.bbl)

Package natbib Warning: There were undefined citations.

Package atveryend Info: Empty hook `BeforeClearDocument' on input line 338.
Package atveryend Info: Empty hook `AfterLastShipout' on input line 338.
(LaRoche_CODA_Paper.aux)
Package atveryend Info: Executing hook `AtVeryEndDocument' on input line 338.
Package atveryend Info: Executing hook `AtEndAfterFileList' on input line 338.


Package rerunfilecheck Warning: File `LaRoche_CODA_Paper.out' has changed.
(rerunfilecheck)                Rerun to get outlines right
(rerunfilecheck)                or use package `bookmark'.

Package rerunfilecheck Info: Checksums for `LaRoche_CODA_Paper.out':
(rerunfilecheck)             Before: <no file>
(rerunfilecheck)             After:  17943206977D9BADC18C81B990D6BAFB;402.

LaTeX Warning: There were undefined references.


LaTeX Warning: Label(s) may have changed. Rerun to get cross-references right.

Package atveryend Info: Empty hook `AtVeryVeryEnd' on input line 338.
 ) 
Here is how much of TeX's memory you used:
 7283 strings out of 493333
 102797 string characters out of 3139185
 198840 words of memory out of 3000000
 10665 multiletter control sequences out of 15000+200000
 11269 words of font info for 43 fonts, out of 3000000 for 9000
 1141 hyphenation exceptions out of 8191
 34i,12n,43p,1251b,356s stack positions out of 5000i,500n,10000p,200000b,50000s
<C:/Program Files/MiKTeX 2.9/fonts/type1/public/amsfonts/cm/cmbx10.pfb><C:/Pr
ogram Files/MiKTeX 2.9/fonts/type1/public/amsfonts/cm/cmbx12.pfb><C:/Program Fi
les/MiKTeX 2.9/fonts/type1/public/amsfonts/cm/cmbx7.pfb><C:/Program Files/MiKTe
X 2.9/fonts/type1/public/amsfonts/cm/cmex10.pfb><C:/Program Files/MiKTeX 2.9/fo
nts/type1/public/amsfonts/cm/cmmi10.pfb><C:/Program Files/MiKTeX 2.9/fonts/type
1/public/amsfonts/cm/cmmi5.pfb><C:/Program Files/MiKTeX 2.9/fonts/type1/public/
amsfonts/cm/cmmi7.pfb><C:/Program Files/MiKTeX 2.9/fonts/type1/public/amsfonts/
cm/cmr10.pfb><C:/Program Files/MiKTeX 2.9/fonts/type1/public/amsfonts/cm/cmr5.p
fb><C:/Program Files/MiKTeX 2.9/fonts/type1/public/amsfonts/cm/cmr6.pfb><C:/Pro
gram Files/MiKTeX 2.9/fonts/type1/public/amsfonts/cm/cmr7.pfb><C:/Program Files
/MiKTeX 2.9/fonts/type1/public/amsfonts/cm/cmr9.pfb><C:/Program Files/MiKTeX 2.
9/fonts/type1/public/amsfonts/cm/cmsy10.pfb><C:/Program Files/MiKTeX 2.9/fonts/
type1/public/amsfonts/cm/cmsy6.pfb><C:/Program Files/MiKTeX 2.9/fonts/type1/pub
lic/amsfonts/cm/cmsy7.pfb><C:/Program Files/MiKTeX 2.9/fonts/type1/public/amsfo
nts/cm/cmti10.pfb><C:/Program Files/MiKTeX 2.9/fonts/type1/public/amsfonts/cm/c
mti9.pfb><C:/Program Files/MiKTeX 2.9/fonts/type1/public/amsfonts/symbols/msbm1
0.pfb>
Output written on LaRoche_CODA_Paper.pdf (14 pages, 678052 bytes).
PDF statistics:
 182 PDF objects out of 1000 (max. 8388607)
 39 named destinations out of 1000 (max. 500000)
 36 words of extra memory for PDF output out of 10000 (max. 10000000)

